<?xml version="1.0" encoding="UTF-8"?>
<!-- Generated by org.testng.reporters.JUnitXMLReporter -->
<testsuite hostname="22-PC" ignored="0" name="Test" tests="6" failures="0" timestamp="04 Jun 2020 11:27:31 GMT" time="63.857" errors="0">
  <testcase name="automationTest5" time="54.562" classname="com.webdemo.VerifyLogin"/>
  <testcase name="automationTest1" time="54.632" classname="com.webdemo.VerifyLogin"/>
  <testcase name="automationTest4" time="54.664" classname="com.webdemo.VerifyLogin"/>
  <testcase name="automationTest3" time="54.98" classname="com.webdemo.VerifyLogin"/>
  <testcase name="automationTest2" time="54.998" classname="com.webdemo.VerifyLogin"/>
  <testcase name="automationTest6" time="9.237" classname="com.webdemo.VerifyLogin"/>
</testsuite> <!-- Test -->
