<?xml version="1.0" encoding="UTF-8"?>
<testng-results skipped="0" failed="0" ignored="0" total="2" passed="2">
  <reporter-output>
  </reporter-output>
  <suite name="Suite" duration-ms="8995" started-at="2020-06-04T11:30:33Z" finished-at="2020-06-04T11:30:42Z">
    <groups>
    </groups>
    <test name="Test" duration-ms="8995" started-at="2020-06-04T11:30:33Z" finished-at="2020-06-04T11:30:42Z">
      <class name="com.webdemo.VerifyLogin">
        <test-method status="PASS" signature="automationTest1()[pri:0, instance:com.webdemo.VerifyLogin@3b6eb2ec]" name="automationTest1" duration-ms="6071" started-at="2020-06-04T11:30:33Z" finished-at="2020-06-04T11:30:39Z">
          <reporter-output>
          </reporter-output>
        </test-method> <!-- automationTest1 -->
        <test-method status="PASS" signature="automationTest2()[pri:0, instance:com.webdemo.VerifyLogin@3b6eb2ec]" name="automationTest2" duration-ms="8954" started-at="2020-06-04T11:30:33Z" finished-at="2020-06-04T11:30:42Z">
          <reporter-output>
          </reporter-output>
        </test-method> <!-- automationTest2 -->
      </class> <!-- com.webdemo.VerifyLogin -->
    </test> <!-- Test -->
  </suite> <!-- Suite -->
</testng-results>
